...Successfully connected to Database

...Successfully connected to Database

 * Serving Flask app 'server'
 * Debug mode: on
WARNING: This is a development server. Do not use it in a production deployment. Use a production WSGI server instead.
 * Running on http://127.0.0.1:8080
Press CTRL+C to quit
 * Restarting with stat
 * Debugger is active!
 * Debugger PIN: 787-555-647
...Successfully connected to Database

...Successfully connected to Database

Exception in thread Thread-1 (serve_forever):
Traceback (most recent call last):
  File "C:\Users\smng9\anaconda3\lib\threading.py", line 1016, in _bootstrap_inner
    self.run()
  File "C:\Users\smng9\anaconda3\lib\threading.py", line 953, in run
    self._target(*self._args, **self._kwargs)
  File "C:\Users\smng9\OneDrive - MSFT\Documents\Github\quantitative-trading\server\lib\site-packages\werkzeug\serving.py", line 806, in serve_forever
    super().serve_forever(poll_interval=poll_interval)
  File "C:\Users\smng9\anaconda3\lib\socketserver.py", line 232, in serve_forever
    ready = selector.select(poll_interval)
  File "C:\Users\smng9\anaconda3\lib\selectors.py", line 324, in select
    r, w, _ = self._select(self._readers, self._writers, [], timeout)
  File "C:\Users\smng9\anaconda3\lib\selectors.py", line 315, in _select
    r, w, x = select.select(r, w, w, timeout)
OSError: [WinError 10038] An operation was attempted on something that is not a socket
